In file included from [01m[K/usr/include/x86_64-linux-gnu/c++/11/bits/c++allocator.h:33[m[K,
                 from [01m[K/usr/include/c++/11/bits/allocator.h:46[m[K,
                 from [01m[K/usr/include/c++/11/memory:64[m[K,
                 from [01m[K/opt/ros/humble/include/rclcpp/rclcpp/rclcpp.hpp:153[m[K,
                 from [01m[K/mnt/hgfs/VMware/ROS2_DEMO/1_Chapter/code/vscodeCppDemo/src/vscodeCppDemoNode.cpp:1[m[K:
/usr/include/c++/11/ext/new_allocator.h: In instantiation of â€˜[01m[Kvoid __gnu_cxx::new_allocator<_Tp>::construct(_Up*, _Args&& ...) [with _Up = VSCodeCppDemo; _Args = {const char (&)[18]}; _Tp = VSCodeCppDemo][m[Kâ€™:
[01m[K/usr/include/c++/11/bits/alloc_traits.h:516:17:[m[K   required from â€˜[01m[Kstatic void std::allocator_traits<std::allocator<_Tp1> >::construct(std::allocator_traits<std::allocator<_Tp1> >::allocator_type&, _Up*, _Args&& ...) [with _Up = VSCodeCppDemo; _Args = {const char (&)[18]}; _Tp = VSCodeCppDemo; std::allocator_traits<std::allocator<_Tp1> >::allocator_type = std::allocator<VSCodeCppDemo>][m[Kâ€™
[01m[K/usr/include/c++/11/bits/shared_ptr_base.h:519:39:[m[K   required from â€˜[01m[Kstd::_Sp_counted_ptr_inplace<_Tp, _Alloc, _Lp>::_Sp_counted_ptr_inplace(_Alloc, _Args&& ...) [with _Args = {const char (&)[18]}; _Tp = VSCodeCppDemo; _Alloc = std::allocator<VSCodeCppDemo>; __gnu_cxx::_Lock_policy _Lp = __gnu_cxx::_S_atomic][m[Kâ€™
[01m[K/usr/include/c++/11/bits/shared_ptr_base.h:650:16:[m[K   required from â€˜[01m[Kstd::__shared_count<_Lp>::__shared_count(_Tp*&, std::_Sp_alloc_shared_tag<_Alloc>, _Args&& ...) [with _Tp = VSCodeCppDemo; _Alloc = std::allocator<VSCodeCppDemo>; _Args = {const char (&)[18]}; __gnu_cxx::_Lock_policy _Lp = __gnu_cxx::_S_atomic][m[Kâ€™
[01m[K/usr/include/c++/11/bits/shared_ptr_base.h:1342:14:[m[K   required from â€˜[01m[Kstd::__shared_ptr<_Tp, _Lp>::__shared_ptr(std::_Sp_alloc_shared_tag<_Tp>, _Args&& ...) [with _Alloc = std::allocator<VSCodeCppDemo>; _Args = {const char (&)[18]}; _Tp = VSCodeCppDemo; __gnu_cxx::_Lock_policy _Lp = __gnu_cxx::_S_atomic][m[Kâ€™
[01m[K/usr/include/c++/11/bits/shared_ptr.h:409:59:[m[K   required from â€˜[01m[Kstd::shared_ptr<_Tp>::shared_ptr(std::_Sp_alloc_shared_tag<_Tp>, _Args&& ...) [with _Alloc = std::allocator<VSCodeCppDemo>; _Args = {const char (&)[18]}; _Tp = VSCodeCppDemo][m[Kâ€™
[01m[K/usr/include/c++/11/bits/shared_ptr.h:862:14:[m[K   required from â€˜[01m[Kstd::shared_ptr<_Tp> std::allocate_shared(const _Alloc&, _Args&& ...) [with _Tp = VSCodeCppDemo; _Alloc = std::allocator<VSCodeCppDemo>; _Args = {const char (&)[18]}][m[Kâ€™
[01m[K/usr/include/c++/11/bits/shared_ptr.h:878:39:[m[K   required from â€˜[01m[Kstd::shared_ptr<_Tp> std::make_shared(_Args&& ...) [with _Tp = VSCodeCppDemo; _Args = {const char (&)[18]}][m[Kâ€™
[01m[K/mnt/hgfs/VMware/ROS2_DEMO/1_Chapter/code/vscodeCppDemo/src/vscodeCppDemoNode.cpp:17:48:[m[K   required from here
[01m[K/usr/include/c++/11/ext/new_allocator.h:162:11:[m[K [01;31m[Kerror: [m[Kinvalid conversion from â€˜[01m[Kconst char*[m[Kâ€™ to â€˜[01m[Kchar*[m[Kâ€™ [[01;31m[K]8;;https://gcc.gnu.org/onlinedocs/gcc/Warning-Options.html#index-fpermissive-fpermissive]8;;[m[K]
  162 |         { [01;31m[K::new((void *)__p) _Up(std::forward<_Args>(__args)...)[m[K; }
      |           [01;31m[K^~~~~~~~~~~~~~~~~~~~~~~~~~~~~~~~~~~~~~~~~~~~~~~~~~~~~~[m[K
      |           [01;31m[K|[m[K
      |           [01;31m[Kconst char*[m[K
[01m[K/mnt/hgfs/VMware/ROS2_DEMO/1_Chapter/code/vscodeCppDemo/src/vscodeCppDemoNode.cpp:7:25:[m[K [01;36m[Knote: [m[K  initializing argument 1 of â€˜[01m[KVSCodeCppDemo::VSCodeCppDemo(char*)[m[Kâ€™
    7 |     VSCodeCppDemo([01;36m[Kchar* nodeName[m[K):Node(nodeName){
      |                   [01;36m[K~~~~~~^~~~~~~~[m[K
gmake[2]: *** [CMakeFiles/vscodeCppDemoNode.dir/build.make:76: CMakeFiles/vscodeCppDemoNode.dir/src/vscodeCppDemoNode.cpp.o] Error 1
gmake[1]: *** [CMakeFiles/Makefile2:137: CMakeFiles/vscodeCppDemoNode.dir/all] Error 2
gmake: *** [Makefile:146: all] Error 2
