[01m[K/mnt/hgfs/VMware/ROS2_DEMO/2_Chapter/code/cpp_idl_pub/src/cppIdlPubNode.cpp:[m[K In member function â€˜[01m[Kvoid CppIdlMsgPub::timer_callback()[m[Kâ€™:
[01m[K/mnt/hgfs/VMware/ROS2_DEMO/2_Chapter/code/cpp_idl_pub/src/cppIdlPubNode.cpp:41:5:[m[K [01;31m[Kerror: [m[Kexpected â€˜[01m[K;[m[Kâ€™ before â€˜[01m[K}[m[Kâ€™ token
   41 |     [01;31m[K}[m[K
      |     [01;31m[K^[m[K
gmake[2]: *** [CMakeFiles/cppIdlPubNode.dir/build.make:76: CMakeFiles/cppIdlPubNode.dir/src/cppIdlPubNode.cpp.o] Error 1
gmake[1]: *** [CMakeFiles/Makefile2:137: CMakeFiles/cppIdlPubNode.dir/all] Error 2
gmake: *** [Makefile:146: all] Error 2
