[0.080s] Invoking command in '/mnt/hgfs/VMware/ROS2_DEMO/2_Chapter/code/build/cpp_idl_pub': AMENT_PREFIX_PATH=/mnt/hgfs/VMware/ROS2_DEMO/2_Chapter/code/install/student_msg:${AMENT_PREFIX_PATH} CMAKE_PREFIX_PATH=/mnt/hgfs/VMware/ROS2_DEMO/2_Chapter/code/install/student_msg:/home/pldz/share/ROS2_DEMO/2_Chapter/code/install/cpp_idl_pub:/home/pldz/share/ROS2_DEMO/2_Chapter/code/install/student_msg:/opt/ros/humble LD_LIBRARY_PATH=/mnt/hgfs/VMware/ROS2_DEMO/2_Chapter/code/install/student_msg/lib:${LD_LIBRARY_PATH} PYTHONPATH=/mnt/hgfs/VMware/ROS2_DEMO/2_Chapter/code/install/student_msg/local/lib/python3.10/dist-packages:${PYTHONPATH} /usr/bin/cmake --build /mnt/hgfs/VMware/ROS2_DEMO/2_Chapter/code/build/cpp_idl_pub -- -j16 -l16
[0.323s] [35m[1mConsolidate compiler generated dependencies of target cppIdlPubNode[0m
[1.331s] [ 50%] [32mBuilding CXX object CMakeFiles/cppIdlPubNode.dir/src/cppIdlPubNode.cpp.o[0m
[3.941s] [01m[K/mnt/hgfs/VMware/ROS2_DEMO/2_Chapter/code/cpp_idl_pub/src/cppIdlPubNode.cpp:[m[K In constructor â€˜[01m[KCppIdlMsgPub::CppIdlMsgPub(const char*)[m[Kâ€™:
[3.943s] [01m[K/mnt/hgfs/VMware/ROS2_DEMO/2_Chapter/code/cpp_idl_pub/src/cppIdlPubNode.cpp:17:68:[m[K [01;31m[Kerror: [m[Kclass â€˜[01m[KCppIdlMsgPub[m[Kâ€™ does not have any field named â€˜[01m[Ksocre_[m[Kâ€™
[3.945s]    17 |       CppIdlMsgPub(const char* nodeName):Node(nodeName), exam_(0), [01;31m[Ksocre_[m[K(60.0)
[3.948s]       |                                                                    [01;31m[K^~~~~~[m[K
[4.718s] gmake[2]: *** [CMakeFiles/cppIdlPubNode.dir/build.make:76: CMakeFiles/cppIdlPubNode.dir/src/cppIdlPubNode.cpp.o] Error 1
[4.721s] gmake[1]: *** [CMakeFiles/Makefile2:137: CMakeFiles/cppIdlPubNode.dir/all] Error 2
[4.724s] gmake: *** [Makefile:146: all] Error 2
[4.726s] Invoked command in '/mnt/hgfs/VMware/ROS2_DEMO/2_Chapter/code/build/cpp_idl_pub' returned '2': AMENT_PREFIX_PATH=/mnt/hgfs/VMware/ROS2_DEMO/2_Chapter/code/install/student_msg:${AMENT_PREFIX_PATH} CMAKE_PREFIX_PATH=/mnt/hgfs/VMware/ROS2_DEMO/2_Chapter/code/install/student_msg:/home/pldz/share/ROS2_DEMO/2_Chapter/code/install/cpp_idl_pub:/home/pldz/share/ROS2_DEMO/2_Chapter/code/install/student_msg:/opt/ros/humble LD_LIBRARY_PATH=/mnt/hgfs/VMware/ROS2_DEMO/2_Chapter/code/install/student_msg/lib:${LD_LIBRARY_PATH} PYTHONPATH=/mnt/hgfs/VMware/ROS2_DEMO/2_Chapter/code/install/student_msg/local/lib/python3.10/dist-packages:${PYTHONPATH} /usr/bin/cmake --build /mnt/hgfs/VMware/ROS2_DEMO/2_Chapter/code/build/cpp_idl_pub -- -j16 -l16
