[0.076s] Invoking command in '/mnt/hgfs/VMware/ROS2_DEMO/3_Chapter/code/build/cpp_srv_client': AMENT_PREFIX_PATH=/mnt/hgfs/VMware/ROS2_DEMO/3_Chapter/code/install/srv_demo:${AMENT_PREFIX_PATH} CMAKE_PREFIX_PATH=/mnt/hgfs/VMware/ROS2_DEMO/3_Chapter/code/install/srv_demo:/home/pldz/share/ROS2_DEMO/3_Chapter/code/install/cpp_srv_server:/home/pldz/share/ROS2_DEMO/3_Chapter/code/install/srv_demo:/opt/ros/humble LD_LIBRARY_PATH=/mnt/hgfs/VMware/ROS2_DEMO/3_Chapter/code/install/srv_demo/lib:${LD_LIBRARY_PATH} PYTHONPATH=/mnt/hgfs/VMware/ROS2_DEMO/3_Chapter/code/install/srv_demo/local/lib/python3.10/dist-packages:${PYTHONPATH} /usr/bin/cmake --build /mnt/hgfs/VMware/ROS2_DEMO/3_Chapter/code/build/cpp_srv_client -- -j16 -l16
[0.326s] [35m[1mConsolidate compiler generated dependencies of target cppSrvClientNode[0m
[1.333s] [ 50%] [32mBuilding CXX object CMakeFiles/cppSrvClientNode.dir/src/cppSrvClientNode.cpp.o[0m
[4.043s] [01m[K/mnt/hgfs/VMware/ROS2_DEMO/3_Chapter/code/cpp_srv_client/src/cppSrvClientNode.cpp:[m[K In member function â€˜[01m[Krclcpp::Client<srv_demo::srv::AddInt>::FutureAndRequestId CppSrvClient::send_request(int32_t, int32_t)[m[Kâ€™:
[4.045s] [01m[K/mnt/hgfs/VMware/ROS2_DEMO/3_Chapter/code/cpp_srv_client/src/cppSrvClientNode.cpp:42:34:[m[K [01;31m[Kerror: [m[Kno matching function for call to â€˜[01m[Krclcpp::Client<srv_demo::srv::AddInt>::async_send_request(std::shared_ptr<srv_demo::srv::AddInt_Request_<std::allocator<void> > >&, std::_Bind_helper<false, void (CppSrvClient::*)(srv_demo::srv::AddInt_Response_<std::allocator<void> >), CppSrvClient*, const std::_Placeholder<1>&>::type)[m[Kâ€™
[4.048s]    42 |       [01;31m[Kclient_->async_send_request(request, std::bind(&CppSrvClient::get_response, this, std::placeholders::_1))[m[K;
[4.050s]       |       [01;31m[K~~~~~~~~~~~~~~~~~~~~~~~~~~~^~~~~~~~~~~~~~~~~~~~~~~~~~~~~~~~~~~~~~~~~~~~~~~~~~~~~~~~~~~~~~~~~~~~~~~~~~~~~~[m[K
[4.052s] In file included from [01m[K/opt/ros/humble/include/rclcpp/rclcpp/callback_group.hpp:24[m[K,
[4.054s]                  from [01m[K/opt/ros/humble/include/rclcpp/rclcpp/any_executable.hpp:20[m[K,
[4.056s]                  from [01m[K/opt/ros/humble/include/rclcpp/rclcpp/memory_strategy.hpp:25[m[K,
[4.058s]                  from [01m[K/opt/ros/humble/include/rclcpp/rclcpp/memory_strategies.hpp:18[m[K,
[4.060s]                  from [01m[K/opt/ros/humble/include/rclcpp/rclcpp/executor_options.hpp:20[m[K,
[4.063s]                  from [01m[K/opt/ros/humble/include/rclcpp/rclcpp/executor.hpp:37[m[K,
[4.065s]                  from [01m[K/opt/ros/humble/include/rclcpp/rclcpp/executors/multi_threaded_executor.hpp:25[m[K,
[4.067s]                  from [01m[K/opt/ros/humble/include/rclcpp/rclcpp/executors.hpp:21[m[K,
[4.070s]                  from [01m[K/opt/ros/humble/include/rclcpp/rclcpp/rclcpp.hpp:155[m[K,
[4.072s]                  from [01m[K/mnt/hgfs/VMware/ROS2_DEMO/3_Chapter/code/cpp_srv_client/src/cppSrvClientNode.cpp:3[m[K:
[4.074s] [01m[K/opt/ros/humble/include/rclcpp/rclcpp/client.hpp:643:3:[m[K [01;36m[Knote: [m[Kcandidate: â€˜[01m[Ktemplate<class CallbackT, typename std::enable_if<rclcpp::function_traits::same_arguments<CallbackT, std::function<void(std::shared_future<std::shared_ptr<srv_demo::srv::AddInt_Response_<std::allocator<void> > > >)> >::value, void>::type* <anonymous> > rclcpp::Client<ServiceT>::SharedFutureAndRequestId rclcpp::Client<ServiceT>::async_send_request(rclcpp::Client<ServiceT>::SharedRequest, CallbackT&&) [with CallbackT = CallbackT; typename std::enable_if<rclcpp::function_traits::same_arguments<CallbackT, std::function<void(std::shared_future<typename ServiceT::Response::SharedPtr>)> >::value>::type* <anonymous> = <anonymous>; ServiceT = srv_demo::srv::AddInt][m[Kâ€™
[4.076s]   643 |   [01;36m[Kasync_send_request[m[K(SharedRequest request, CallbackT && cb)
[4.078s]       |   [01;36m[K^~~~~~~~~~~~~~~~~~[m[K
[4.080s] [01m[K/opt/ros/humble/include/rclcpp/rclcpp/client.hpp:643:3:[m[K [01;36m[Knote: [m[K  template argument deduction/substitution failed:
[4.083s] [01m[K/opt/ros/humble/include/rclcpp/rclcpp/client.hpp:640:17:[m[K [01;31m[Kerror: [m[Kno type named â€˜[01m[Ktype[m[Kâ€™ in â€˜[01m[Kstruct std::enable_if<false, void>[m[Kâ€™
[4.085s]   640 |     >::type * = [01;31m[Knullptr[m[K
[4.087s]       |                 [01;31m[K^~~~~~~[m[K
[4.091s] [01m[K/opt/ros/humble/include/rclcpp/rclcpp/client.hpp:674:3:[m[K [01;36m[Knote: [m[Kcandidate: â€˜[01m[Ktemplate<class CallbackT, typename std::enable_if<rclcpp::function_traits::same_arguments<CallbackT, std::function<void(std::shared_future<std::pair<std::shared_ptr<srv_demo::srv::AddInt_Request_<std::allocator<void> > >, std::shared_ptr<srv_demo::srv::AddInt_Response_<std::allocator<void> > > > >)> >::value, void>::type* <anonymous> > rclcpp::Client<ServiceT>::SharedFutureWithRequestAndRequestId rclcpp::Client<ServiceT>::async_send_request(rclcpp::Client<ServiceT>::SharedRequest, CallbackT&&) [with CallbackT = CallbackT; typename std::enable_if<rclcpp::function_traits::same_arguments<CallbackT, std::function<void(std::shared_future<std::pair<typename ServiceT::Request::SharedPtr, typename ServiceT::Response::SharedPtr> >)> >::value>::type* <anonymous> = <anonymous>; ServiceT = srv_demo::srv::AddInt][m[Kâ€™
[4.092s]   674 |   [01;36m[Kasync_send_request[m[K(SharedRequest request, CallbackT && cb)
[4.094s]       |   [01;36m[K^~~~~~~~~~~~~~~~~~[m[K
[4.097s] [01m[K/opt/ros/humble/include/rclcpp/rclcpp/client.hpp:674:3:[m[K [01;36m[Knote: [m[K  template argument deduction/substitution failed:
[4.099s] [01m[K/opt/ros/humble/include/rclcpp/rclcpp/client.hpp:671:17:[m[K [01;31m[Kerror: [m[Kno type named â€˜[01m[Ktype[m[Kâ€™ in â€˜[01m[Kstruct std::enable_if<false, void>[m[Kâ€™
[4.101s]   671 |     >::type * = [01;31m[Knullptr[m[K
[4.103s]       |                 [01;31m[K^~~~~~~[m[K
[4.105s] [01m[K/opt/ros/humble/include/rclcpp/rclcpp/client.hpp:608:3:[m[K [01;36m[Knote: [m[Kcandidate: â€˜[01m[Krclcpp::Client<ServiceT>::FutureAndRequestId rclcpp::Client<ServiceT>::async_send_request(rclcpp::Client<ServiceT>::SharedRequest) [with ServiceT = srv_demo::srv::AddInt; rclcpp::Client<ServiceT>::SharedRequest = std::shared_ptr<srv_demo::srv::AddInt_Request_<std::allocator<void> > >][m[Kâ€™
[4.107s]   608 |   [01;36m[Kasync_send_request[m[K(SharedRequest request)
[4.109s]       |   [01;36m[K^~~~~~~~~~~~~~~~~~[m[K
[4.111s] [01m[K/opt/ros/humble/include/rclcpp/rclcpp/client.hpp:608:3:[m[K [01;36m[Knote: [m[K  candidate expects 1 argument, 2 provided
[4.113s] [01m[K/mnt/hgfs/VMware/ROS2_DEMO/3_Chapter/code/cpp_srv_client/src/cppSrvClientNode.cpp:43:5:[m[K [01;35m[Kwarning: [m[Kno return statement in function returning non-void [[01;35m[K]8;;https://gcc.gnu.org/onlinedocs/gcc/Warning-Options.html#index-Wreturn-type-Wreturn-type]8;;[m[K]
[4.115s]    43 |     [01;35m[K}[m[K
[4.117s]       |     [01;35m[K^[m[K
[4.119s] [01m[K/mnt/hgfs/VMware/ROS2_DEMO/3_Chapter/code/cpp_srv_client/src/cppSrvClientNode.cpp:[m[K In member function â€˜[01m[Kvoid CppSrvClient::get_response(srv_demo::srv::AddInt::Response)[m[Kâ€™:
[4.121s] [01m[K/mnt/hgfs/VMware/ROS2_DEMO/3_Chapter/code/cpp_srv_client/src/cppSrvClientNode.cpp:48:45:[m[K [01;31m[Kerror: [m[Kno matching function for call to â€˜[01m[Kspin_until_future_complete(CppSrvClient*, srv_demo::srv::AddInt::Response&)[m[Kâ€™
[4.123s]    48 |       if ([01;31m[Krclcpp::spin_until_future_complete(this, response)[m[K == rclcpp::FutureReturnCode::SUCCESS)
[4.125s]       |           [01;31m[K~~~~~~~~~~~~~~~~~~~~~~~~~~~~~~~~~~^~~~~~~~~~~~~~~~[m[K
[4.127s] In file included from [01m[K/opt/ros/humble/include/rclcpp/rclcpp/rclcpp.hpp:155[m[K,
[4.130s]                  from [01m[K/mnt/hgfs/VMware/ROS2_DEMO/3_Chapter/code/cpp_srv_client/src/cppSrvClientNode.cpp:3[m[K:
[4.131s] [01m[K/opt/ros/humble/include/rclcpp/rclcpp/executors.hpp:105:1:[m[K [01;36m[Knote: [m[Kcandidate: â€˜[01m[Ktemplate<class FutureT, class TimeRepT, class TimeT> rclcpp::FutureReturnCode rclcpp::spin_until_future_complete(rclcpp::node_interfaces::NodeBaseInterface::SharedPtr, const FutureT&, std::chrono::duration<_Rep, _Period>)[m[Kâ€™
[4.135s]   105 | [01;36m[Kspin_until_future_complete[m[K(
[4.137s]       | [01;36m[K^~~~~~~~~~~~~~~~~~~~~~~~~~[m[K
[4.139s] [01m[K/opt/ros/humble/include/rclcpp/rclcpp/executors.hpp:105:1:[m[K [01;36m[Knote: [m[K  template argument deduction/substitution failed:
[4.141s] [01m[K/mnt/hgfs/VMware/ROS2_DEMO/3_Chapter/code/cpp_srv_client/src/cppSrvClientNode.cpp:48:46:[m[K [01;36m[Knote: [m[K  cannot convert â€˜[01m[K(CppSrvClient*)this[m[Kâ€™ (type â€˜[01m[KCppSrvClient*[m[Kâ€™) to type â€˜[01m[Krclcpp::node_interfaces::NodeBaseInterface::SharedPtr[m[Kâ€™ {aka â€˜[01m[Kstd::shared_ptr<rclcpp::node_interfaces::NodeBaseInterface>[m[Kâ€™}
[4.143s]    48 |       if (rclcpp::spin_until_future_complete([01;36m[Kthis[m[K, response) == rclcpp::FutureReturnCode::SUCCESS)
[4.145s]       |                                              [01;36m[K^~~~[m[K
[4.148s] In file included from [01m[K/opt/ros/humble/include/rclcpp/rclcpp/rclcpp.hpp:155[m[K,
[4.150s]                  from [01m[K/mnt/hgfs/VMware/ROS2_DEMO/3_Chapter/code/cpp_srv_client/src/cppSrvClientNode.cpp:3[m[K:
[4.153s] [01m[K/opt/ros/humble/include/rclcpp/rclcpp/executors.hpp:117:1:[m[K [01;36m[Knote: [m[Kcandidate: â€˜[01m[Ktemplate<class NodeT, class FutureT, class TimeRepT, class TimeT> rclcpp::FutureReturnCode rclcpp::spin_until_future_complete(std::shared_ptr<_Tp>, const FutureT&, std::chrono::duration<_Rep2, _Period2>)[m[Kâ€™
[4.155s]   117 | [01;36m[Kspin_until_future_complete[m[K(
[4.157s]       | [01;36m[K^~~~~~~~~~~~~~~~~~~~~~~~~~[m[K
[4.159s] [01m[K/opt/ros/humble/include/rclcpp/rclcpp/executors.hpp:117:1:[m[K [01;36m[Knote: [m[K  template argument deduction/substitution failed:
[4.161s] [01m[K/mnt/hgfs/VMware/ROS2_DEMO/3_Chapter/code/cpp_srv_client/src/cppSrvClientNode.cpp:48:45:[m[K [01;36m[Knote: [m[K  mismatched types â€˜[01m[Kstd::shared_ptr<_Tp>[m[Kâ€™ and â€˜[01m[KCppSrvClient*[m[Kâ€™
[4.164s]    48 |       if ([01;36m[Krclcpp::spin_until_future_complete(this, response)[m[K == rclcpp::FutureReturnCode::SUCCESS)
[4.167s]       |           [01;36m[K~~~~~~~~~~~~~~~~~~~~~~~~~~~~~~~~~~^~~~~~~~~~~~~~~~[m[K
[4.169s] In file included from [01m[K/opt/ros/humble/include/rclcpp/rclcpp/logging.hpp:24[m[K,
[4.171s]                  from [01m[K/opt/ros/humble/include/rclcpp/rclcpp/client.hpp:40[m[K,
[4.172s]                  from [01m[K/opt/ros/humble/include/rclcpp/rclcpp/callback_group.hpp:24[m[K,
[4.175s]                  from [01m[K/opt/ros/humble/include/rclcpp/rclcpp/any_executable.hpp:20[m[K,
[4.178s]                  from [01m[K/opt/ros/humble/include/rclcpp/rclcpp/memory_strategy.hpp:25[m[K,
[4.180s]                  from [01m[K/opt/ros/humble/include/rclcpp/rclcpp/memory_strategies.hpp:18[m[K,
[4.182s]                  from [01m[K/opt/ros/humble/include/rclcpp/rclcpp/executor_options.hpp:20[m[K,
[4.184s]                  from [01m[K/opt/ros/humble/include/rclcpp/rclcpp/executor.hpp:37[m[K,
[4.186s]                  from [01m[K/opt/ros/humble/include/rclcpp/rclcpp/executors/multi_threaded_executor.hpp:25[m[K,
[4.188s]                  from [01m[K/opt/ros/humble/include/rclcpp/rclcpp/executors.hpp:21[m[K,
[4.190s]                  from [01m[K/opt/ros/humble/include/rclcpp/rclcpp/rclcpp.hpp:155[m[K,
[4.192s]                  from [01m[K/mnt/hgfs/VMware/ROS2_DEMO/3_Chapter/code/cpp_srv_client/src/cppSrvClientNode.cpp:3[m[K:
[4.194s] [01m[K/mnt/hgfs/VMware/ROS2_DEMO/3_Chapter/code/cpp_srv_client/src/cppSrvClientNode.cpp:51:73:[m[K [01;31m[Kerror: [m[Kâ€˜[01m[Kusing Response = using AddInt_Response = struct srv_demo::srv::AddInt_Response_<std::allocator<void> >[m[Kâ€™ {aka â€˜[01m[Kstruct srv_demo::srv::AddInt_Response_<std::allocator<void> >[m[Kâ€™} has no member named â€˜[01m[Kget[m[Kâ€™
[4.196s]    51 |         RCLCPP_INFO(this->get_logger(),"The response is :%d!", response.[01;31m[Kget[m[K()->sum);
[4.198s]       |                                                                         [01;31m[K^~~[m[K
[4.598s] gmake[2]: *** [CMakeFiles/cppSrvClientNode.dir/build.make:76: CMakeFiles/cppSrvClientNode.dir/src/cppSrvClientNode.cpp.o] Error 1
[4.600s] gmake[1]: *** [CMakeFiles/Makefile2:137: CMakeFiles/cppSrvClientNode.dir/all] Error 2
[4.603s] gmake: *** [Makefile:146: all] Error 2
[4.605s] Invoked command in '/mnt/hgfs/VMware/ROS2_DEMO/3_Chapter/code/build/cpp_srv_client' returned '2': AMENT_PREFIX_PATH=/mnt/hgfs/VMware/ROS2_DEMO/3_Chapter/code/install/srv_demo:${AMENT_PREFIX_PATH} CMAKE_PREFIX_PATH=/mnt/hgfs/VMware/ROS2_DEMO/3_Chapter/code/install/srv_demo:/home/pldz/share/ROS2_DEMO/3_Chapter/code/install/cpp_srv_server:/home/pldz/share/ROS2_DEMO/3_Chapter/code/install/srv_demo:/opt/ros/humble LD_LIBRARY_PATH=/mnt/hgfs/VMware/ROS2_DEMO/3_Chapter/code/install/srv_demo/lib:${LD_LIBRARY_PATH} PYTHONPATH=/mnt/hgfs/VMware/ROS2_DEMO/3_Chapter/code/install/srv_demo/local/lib/python3.10/dist-packages:${PYTHONPATH} /usr/bin/cmake --build /mnt/hgfs/VMware/ROS2_DEMO/3_Chapter/code/build/cpp_srv_client -- -j16 -l16
