[0.073s] Invoking command in '/mnt/hgfs/VMware/ROS2_DEMO/3_Chapter/code/build/cpp_srv_client': AMENT_PREFIX_PATH=/mnt/hgfs/VMware/ROS2_DEMO/3_Chapter/code/install/srv_demo:${AMENT_PREFIX_PATH} CMAKE_PREFIX_PATH=/mnt/hgfs/VMware/ROS2_DEMO/3_Chapter/code/install/srv_demo:/home/pldz/share/ROS2_DEMO/3_Chapter/code/install/cpp_srv_server:/home/pldz/share/ROS2_DEMO/3_Chapter/code/install/srv_demo:/opt/ros/humble LD_LIBRARY_PATH=/mnt/hgfs/VMware/ROS2_DEMO/3_Chapter/code/install/srv_demo/lib:${LD_LIBRARY_PATH} PYTHONPATH=/mnt/hgfs/VMware/ROS2_DEMO/3_Chapter/code/install/srv_demo/local/lib/python3.10/dist-packages:${PYTHONPATH} /usr/bin/cmake /mnt/hgfs/VMware/ROS2_DEMO/3_Chapter/code/cpp_srv_client -DCMAKE_INSTALL_PREFIX=/mnt/hgfs/VMware/ROS2_DEMO/3_Chapter/code/install/cpp_srv_client
[0.334s] -- The C compiler identification is GNU 11.3.0
[0.525s] -- The CXX compiler identification is GNU 11.3.0
[0.556s] -- Detecting C compiler ABI info
[0.968s] -- Detecting C compiler ABI info - done
[0.979s] -- Check for working C compiler: /usr/bin/cc - skipped
[0.982s] -- Detecting C compile features
[0.984s] -- Detecting C compile features - done
[0.997s] -- Detecting CXX compiler ABI info
[1.420s] -- Detecting CXX compiler ABI info - done
[1.434s] -- Check for working CXX compiler: /usr/bin/c++ - skipped
[1.437s] -- Detecting CXX compile features
[1.445s] -- Detecting CXX compile features - done
[1.496s] -- Found ament_cmake: 1.3.3 (/opt/ros/humble/share/ament_cmake/cmake)
[1.910s] -- Found Python3: /usr/bin/python3.10 (found version "3.10.6") found components: Interpreter 
[2.610s] -- Found rclcpp: 16.0.3 (/opt/ros/humble/share/rclcpp/cmake)
[3.196s] -- Found rosidl_generator_c: 3.1.4 (/opt/ros/humble/share/rosidl_generator_c/cmake)
[3.279s] -- Found rosidl_adapter: 3.1.4 (/opt/ros/humble/share/rosidl_adapter/cmake)
[3.365s] -- Found rosidl_generator_cpp: 3.1.4 (/opt/ros/humble/share/rosidl_generator_cpp/cmake)
[3.465s] -- Using all available rosidl_typesupport_c: rosidl_typesupport_fastrtps_c;rosidl_typesupport_introspection_c
[3.608s] -- Using all available rosidl_typesupport_cpp: rosidl_typesupport_fastrtps_cpp;rosidl_typesupport_introspection_cpp
[4.008s] -- Found rmw_implementation_cmake: 6.1.1 (/opt/ros/humble/share/rmw_implementation_cmake/cmake)
[4.056s] -- Found rmw_fastrtps_cpp: 6.2.2 (/opt/ros/humble/share/rmw_fastrtps_cpp/cmake)
[4.650s] -- Found OpenSSL: /usr/lib/x86_64-linux-gnu/libcrypto.so (found version "3.0.2")  
[4.737s] -- Found FastRTPS: /opt/ros/humble/include  
[4.893s] -- Using RMW implementation 'rmw_fastrtps_cpp' as default
[5.043s] -- Looking for pthread.h
[5.446s] -- Looking for pthread.h - found
[5.451s] -- Performing Test CMAKE_HAVE_LIBC_PTHREAD
[5.871s] -- Performing Test CMAKE_HAVE_LIBC_PTHREAD - Success
[5.873s] -- Found Threads: TRUE  
[6.198s] -- Found srv_demo: 0.0.0 (/mnt/hgfs/VMware/ROS2_DEMO/3_Chapter/code/install/srv_demo/share/srv_demo/cmake)
[6.337s] -- Found ament_lint_auto: 0.12.5 (/opt/ros/humble/share/ament_lint_auto/cmake)
[6.836s] -- Added test 'cppcheck' to perform static code analysis on C / C++ code
[6.838s] -- Configured cppcheck include dirs: $<BUILD_INTERFACE:/mnt/hgfs/VMware/ROS2_DEMO/3_Chapter/code/cpp_srv_client/include>
[6.840s] -- Configured cppcheck exclude dirs and/or files: 
[6.860s] -- Added test 'lint_cmake' to check CMake code style
[6.905s] -- Added test 'uncrustify' to check C / C++ code style
[6.906s] -- Configured uncrustify additional arguments: 
[6.920s] -- Added test 'xmllint' to check XML markup files
[6.978s] -- Configuring done
[7.135s] -- Generating done
[7.178s] -- Build files have been written to: /mnt/hgfs/VMware/ROS2_DEMO/3_Chapter/code/build/cpp_srv_client
[7.186s] Invoked command in '/mnt/hgfs/VMware/ROS2_DEMO/3_Chapter/code/build/cpp_srv_client' returned '0': AMENT_PREFIX_PATH=/mnt/hgfs/VMware/ROS2_DEMO/3_Chapter/code/install/srv_demo:${AMENT_PREFIX_PATH} CMAKE_PREFIX_PATH=/mnt/hgfs/VMware/ROS2_DEMO/3_Chapter/code/install/srv_demo:/home/pldz/share/ROS2_DEMO/3_Chapter/code/install/cpp_srv_server:/home/pldz/share/ROS2_DEMO/3_Chapter/code/install/srv_demo:/opt/ros/humble LD_LIBRARY_PATH=/mnt/hgfs/VMware/ROS2_DEMO/3_Chapter/code/install/srv_demo/lib:${LD_LIBRARY_PATH} PYTHONPATH=/mnt/hgfs/VMware/ROS2_DEMO/3_Chapter/code/install/srv_demo/local/lib/python3.10/dist-packages:${PYTHONPATH} /usr/bin/cmake /mnt/hgfs/VMware/ROS2_DEMO/3_Chapter/code/cpp_srv_client -DCMAKE_INSTALL_PREFIX=/mnt/hgfs/VMware/ROS2_DEMO/3_Chapter/code/install/cpp_srv_client
[7.191s] Invoking command in '/mnt/hgfs/VMware/ROS2_DEMO/3_Chapter/code/build/cpp_srv_client': AMENT_PREFIX_PATH=/mnt/hgfs/VMware/ROS2_DEMO/3_Chapter/code/install/srv_demo:${AMENT_PREFIX_PATH} CMAKE_PREFIX_PATH=/mnt/hgfs/VMware/ROS2_DEMO/3_Chapter/code/install/srv_demo:/home/pldz/share/ROS2_DEMO/3_Chapter/code/install/cpp_srv_server:/home/pldz/share/ROS2_DEMO/3_Chapter/code/install/srv_demo:/opt/ros/humble LD_LIBRARY_PATH=/mnt/hgfs/VMware/ROS2_DEMO/3_Chapter/code/install/srv_demo/lib:${LD_LIBRARY_PATH} PYTHONPATH=/mnt/hgfs/VMware/ROS2_DEMO/3_Chapter/code/install/srv_demo/local/lib/python3.10/dist-packages:${PYTHONPATH} /usr/bin/cmake --build /mnt/hgfs/VMware/ROS2_DEMO/3_Chapter/code/build/cpp_srv_client -- -j16 -l16
[7.476s] [ 50%] [32mBuilding CXX object CMakeFiles/cppSrvClientNode.dir/src/cppSrvClientNode.cpp.o[0m
[10.664s] [01m[K/mnt/hgfs/VMware/ROS2_DEMO/3_Chapter/code/cpp_srv_client/src/cppSrvClientNode.cpp:[m[K In member function â€˜[01m[Krclcpp::Client<srv_demo::srv::AddInt>::FutureAndRequestId CppSrvClient::send_request(int32_t, int32_t)[m[Kâ€™:
[10.666s] [01m[K/mnt/hgfs/VMware/ROS2_DEMO/3_Chapter/code/cpp_srv_client/src/cppSrvClientNode.cpp:42:45:[m[K [01;31m[Kerror: [m[Kno matching function for call to â€˜[01m[Kspin_until_future_complete(CppSrvClient*, rclcpp::Client<srv_demo::srv::AddInt>::FutureAndRequestId&)[m[Kâ€™
[10.668s]    42 |       if ([01;31m[Krclcpp::spin_until_future_complete(this, response)[m[K == rclcpp::FutureReturnCode::SUCCESS)
[10.670s]       |           [01;31m[K~~~~~~~~~~~~~~~~~~~~~~~~~~~~~~~~~~^~~~~~~~~~~~~~~~[m[K
[10.672s] In file included from [01m[K/opt/ros/humble/include/rclcpp/rclcpp/rclcpp.hpp:155[m[K,
[10.674s]                  from [01m[K/mnt/hgfs/VMware/ROS2_DEMO/3_Chapter/code/cpp_srv_client/src/cppSrvClientNode.cpp:3[m[K:
[10.676s] [01m[K/opt/ros/humble/include/rclcpp/rclcpp/executors.hpp:105:1:[m[K [01;36m[Knote: [m[Kcandidate: â€˜[01m[Ktemplate<class FutureT, class TimeRepT, class TimeT> rclcpp::FutureReturnCode rclcpp::spin_until_future_complete(rclcpp::node_interfaces::NodeBaseInterface::SharedPtr, const FutureT&, std::chrono::duration<_Rep, _Period>)[m[Kâ€™
[10.678s]   105 | [01;36m[Kspin_until_future_complete[m[K(
[10.680s]       | [01;36m[K^~~~~~~~~~~~~~~~~~~~~~~~~~[m[K
[10.683s] [01m[K/opt/ros/humble/include/rclcpp/rclcpp/executors.hpp:105:1:[m[K [01;36m[Knote: [m[K  template argument deduction/substitution failed:
[10.685s] [01m[K/mnt/hgfs/VMware/ROS2_DEMO/3_Chapter/code/cpp_srv_client/src/cppSrvClientNode.cpp:42:46:[m[K [01;36m[Knote: [m[K  cannot convert â€˜[01m[K(CppSrvClient*)this[m[Kâ€™ (type â€˜[01m[KCppSrvClient*[m[Kâ€™) to type â€˜[01m[Krclcpp::node_interfaces::NodeBaseInterface::SharedPtr[m[Kâ€™ {aka â€˜[01m[Kstd::shared_ptr<rclcpp::node_interfaces::NodeBaseInterface>[m[Kâ€™}
[10.687s]    42 |       if (rclcpp::spin_until_future_complete([01;36m[Kthis[m[K, response) == rclcpp::FutureReturnCode::SUCCESS)
[10.690s]       |                                              [01;36m[K^~~~[m[K
[10.692s] In file included from [01m[K/opt/ros/humble/include/rclcpp/rclcpp/rclcpp.hpp:155[m[K,
[10.694s]                  from [01m[K/mnt/hgfs/VMware/ROS2_DEMO/3_Chapter/code/cpp_srv_client/src/cppSrvClientNode.cpp:3[m[K:
[10.696s] [01m[K/opt/ros/humble/include/rclcpp/rclcpp/executors.hpp:117:1:[m[K [01;36m[Knote: [m[Kcandidate: â€˜[01m[Ktemplate<class NodeT, class FutureT, class TimeRepT, class TimeT> rclcpp::FutureReturnCode rclcpp::spin_until_future_complete(std::shared_ptr<_Tp>, const FutureT&, std::chrono::duration<_Rep2, _Period2>)[m[Kâ€™
[10.699s]   117 | [01;36m[Kspin_until_future_complete[m[K(
[10.701s]       | [01;36m[K^~~~~~~~~~~~~~~~~~~~~~~~~~[m[K
[10.703s] [01m[K/opt/ros/humble/include/rclcpp/rclcpp/executors.hpp:117:1:[m[K [01;36m[Knote: [m[K  template argument deduction/substitution failed:
[10.705s] [01m[K/mnt/hgfs/VMware/ROS2_DEMO/3_Chapter/code/cpp_srv_client/src/cppSrvClientNode.cpp:42:45:[m[K [01;36m[Knote: [m[K  mismatched types â€˜[01m[Kstd::shared_ptr<_Tp>[m[Kâ€™ and â€˜[01m[KCppSrvClient*[m[Kâ€™
[10.708s]    42 |       if ([01;36m[Krclcpp::spin_until_future_complete(this, response)[m[K == rclcpp::FutureReturnCode::SUCCESS)
[10.710s]       |           [01;36m[K~~~~~~~~~~~~~~~~~~~~~~~~~~~~~~~~~~^~~~~~~~~~~~~~~~[m[K
[10.712s] [01m[K/mnt/hgfs/VMware/ROS2_DEMO/3_Chapter/code/cpp_srv_client/src/cppSrvClientNode.cpp:50:5:[m[K [01;35m[Kwarning: [m[Kno return statement in function returning non-void [[01;35m[K]8;;https://gcc.gnu.org/onlinedocs/gcc/Warning-Options.html#index-Wreturn-type-Wreturn-type]8;;[m[K]
[10.714s]    50 |     [01;35m[K}[m[K
[10.717s]       |     [01;35m[K^[m[K
[11.483s] gmake[2]: *** [CMakeFiles/cppSrvClientNode.dir/build.make:76: CMakeFiles/cppSrvClientNode.dir/src/cppSrvClientNode.cpp.o] Error 1
[11.486s] gmake[1]: *** [CMakeFiles/Makefile2:137: CMakeFiles/cppSrvClientNode.dir/all] Error 2
[11.489s] gmake: *** [Makefile:146: all] Error 2
[11.491s] Invoked command in '/mnt/hgfs/VMware/ROS2_DEMO/3_Chapter/code/build/cpp_srv_client' returned '2': AMENT_PREFIX_PATH=/mnt/hgfs/VMware/ROS2_DEMO/3_Chapter/code/install/srv_demo:${AMENT_PREFIX_PATH} CMAKE_PREFIX_PATH=/mnt/hgfs/VMware/ROS2_DEMO/3_Chapter/code/install/srv_demo:/home/pldz/share/ROS2_DEMO/3_Chapter/code/install/cpp_srv_server:/home/pldz/share/ROS2_DEMO/3_Chapter/code/install/srv_demo:/opt/ros/humble LD_LIBRARY_PATH=/mnt/hgfs/VMware/ROS2_DEMO/3_Chapter/code/install/srv_demo/lib:${LD_LIBRARY_PATH} PYTHONPATH=/mnt/hgfs/VMware/ROS2_DEMO/3_Chapter/code/install/srv_demo/local/lib/python3.10/dist-packages:${PYTHONPATH} /usr/bin/cmake --build /mnt/hgfs/VMware/ROS2_DEMO/3_Chapter/code/build/cpp_srv_client -- -j16 -l16
