[01m[K/mnt/hgfs/VMware/ROS2_DEMO/2_Chapter/code/cpp_idl_sub/src/cppIdlSubNode.cpp:[m[K In constructor â€˜[01m[KCppIdlMsgSub::CppIdlMsgSub(const char*)[m[Kâ€™:
[01m[K/mnt/hgfs/VMware/ROS2_DEMO/2_Chapter/code/cpp_idl_sub/src/cppIdlSubNode.cpp:20:35:[m[K [01;31m[Kerror: [m[Kâ€˜[01m[KCppBaseMsgSub[m[Kâ€™ has not been declared
   20 |       "myStudent", 10, std::bind(&[01;31m[KCppBaseMsgSub[m[K::topic_callback, this, _1));
      |                                   [01;31m[K^~~~~~~~~~~~~[m[K
[01m[K/mnt/hgfs/VMware/ROS2_DEMO/2_Chapter/code/cpp_idl_sub/src/cppIdlSubNode.cpp:20:72:[m[K [01;31m[Kerror: [m[Kâ€˜[01m[K_1[m[Kâ€™ was not declared in this scope; did you mean â€˜[01m[Kstd::placeholders::_1[m[Kâ€™?
   20 |       "myStudent", 10, std::bind(&CppBaseMsgSub::topic_callback, this, [01;31m[K_1[m[K));
      |                                                                        [01;31m[K^~[m[K
      |                                                                        [32m[Kstd::placeholders::_1[m[K
In file included from [01m[K/usr/include/c++/11/pstl/glue_algorithm_defs.h:13[m[K,
                 from [01m[K/usr/include/c++/11/algorithm:74[m[K,
                 from [01m[K/opt/ros/humble/include/rclcpp/rclcpp/executor.hpp:18[m[K,
                 from [01m[K/opt/ros/humble/include/rclcpp/rclcpp/executors/multi_threaded_executor.hpp:25[m[K,
                 from [01m[K/opt/ros/humble/include/rclcpp/rclcpp/executors.hpp:21[m[K,
                 from [01m[K/opt/ros/humble/include/rclcpp/rclcpp/rclcpp.hpp:155[m[K,
                 from [01m[K/mnt/hgfs/VMware/ROS2_DEMO/2_Chapter/code/cpp_idl_sub/src/cppIdlSubNode.cpp:1[m[K:
[01m[K/usr/include/c++/11/functional:225:34:[m[K [01;36m[Knote: [m[Kâ€˜[01m[Kstd::placeholders::_1[m[Kâ€™ declared here
  225 |     extern const _Placeholder<1> [01;36m[K_1[m[K;
      |                                  [01;36m[K^~[m[K
gmake[2]: *** [CMakeFiles/cppIdlSubNode.dir/build.make:76: CMakeFiles/cppIdlSubNode.dir/src/cppIdlSubNode.cpp.o] Error 1
gmake[1]: *** [CMakeFiles/Makefile2:137: CMakeFiles/cppIdlSubNode.dir/all] Error 2
gmake: *** [Makefile:146: all] Error 2
