[0.051s] Invoking command in '/mnt/hgfs/VMware/ROS2_DEMO/2_Chapter/code/build/cpp_idl_sub': AMENT_PREFIX_PATH=/mnt/hgfs/VMware/ROS2_DEMO/2_Chapter/code/install/student_msg:${AMENT_PREFIX_PATH} CMAKE_PREFIX_PATH=/mnt/hgfs/VMware/ROS2_DEMO/2_Chapter/code/install/student_msg:/opt/ros/humble LD_LIBRARY_PATH=/mnt/hgfs/VMware/ROS2_DEMO/2_Chapter/code/install/student_msg/lib:${LD_LIBRARY_PATH} PYTHONPATH=/mnt/hgfs/VMware/ROS2_DEMO/2_Chapter/code/install/student_msg/local/lib/python3.10/dist-packages:${PYTHONPATH} /usr/bin/cmake /mnt/hgfs/VMware/ROS2_DEMO/2_Chapter/code/cpp_idl_sub -DCMAKE_INSTALL_PREFIX=/mnt/hgfs/VMware/ROS2_DEMO/2_Chapter/code/install/cpp_idl_sub
[0.266s] -- The C compiler identification is GNU 11.3.0
[0.420s] -- The CXX compiler identification is GNU 11.3.0
[0.448s] -- Detecting C compiler ABI info
[0.879s] -- Detecting C compiler ABI info - done
[0.896s] -- Check for working C compiler: /usr/bin/cc - skipped
[0.913s] -- Detecting C compile features
[0.917s] -- Detecting C compile features - done
[0.931s] -- Detecting CXX compiler ABI info
[1.279s] -- Detecting CXX compiler ABI info - done
[1.292s] -- Check for working CXX compiler: /usr/bin/c++ - skipped
[1.295s] -- Detecting CXX compile features
[1.298s] -- Detecting CXX compile features - done
[1.322s] -- Found ament_cmake: 1.3.3 (/opt/ros/humble/share/ament_cmake/cmake)
[1.582s] -- Found Python3: /usr/bin/python3.10 (found version "3.10.6") found components: Interpreter 
[1.924s] -- Found rclcpp: 16.0.3 (/opt/ros/humble/share/rclcpp/cmake)
[2.177s] -- Found rosidl_generator_c: 3.1.4 (/opt/ros/humble/share/rosidl_generator_c/cmake)
[2.210s] -- Found rosidl_adapter: 3.1.4 (/opt/ros/humble/share/rosidl_adapter/cmake)
[2.248s] -- Found rosidl_generator_cpp: 3.1.4 (/opt/ros/humble/share/rosidl_generator_cpp/cmake)
[2.296s] -- Using all available rosidl_typesupport_c: rosidl_typesupport_fastrtps_c;rosidl_typesupport_introspection_c
[2.356s] -- Using all available rosidl_typesupport_cpp: rosidl_typesupport_fastrtps_cpp;rosidl_typesupport_introspection_cpp
[2.542s] -- Found rmw_implementation_cmake: 6.1.1 (/opt/ros/humble/share/rmw_implementation_cmake/cmake)
[2.561s] -- Found rmw_fastrtps_cpp: 6.2.2 (/opt/ros/humble/share/rmw_fastrtps_cpp/cmake)
[2.863s] -- Found OpenSSL: /usr/lib/x86_64-linux-gnu/libcrypto.so (found version "3.0.2")  
[2.915s] -- Found FastRTPS: /opt/ros/humble/include  
[3.001s] -- Using RMW implementation 'rmw_fastrtps_cpp' as default
[3.067s] -- Looking for pthread.h
[3.400s] -- Looking for pthread.h - found
[3.407s] -- Performing Test CMAKE_HAVE_LIBC_PTHREAD
[3.736s] -- Performing Test CMAKE_HAVE_LIBC_PTHREAD - Success
[3.739s] -- Found Threads: TRUE  
[3.962s] -- Found student_msg: 0.0.0 (/mnt/hgfs/VMware/ROS2_DEMO/2_Chapter/code/install/student_msg/share/student_msg/cmake)
[4.081s] -- Found ament_lint_auto: 0.12.5 (/opt/ros/humble/share/ament_lint_auto/cmake)
[4.400s] -- Added test 'cppcheck' to perform static code analysis on C / C++ code
[4.402s] -- Configured cppcheck include dirs: $<BUILD_INTERFACE:/mnt/hgfs/VMware/ROS2_DEMO/2_Chapter/code/cpp_idl_sub/include>
[4.404s] -- Configured cppcheck exclude dirs and/or files: 
[4.419s] -- Added test 'lint_cmake' to check CMake code style
[4.460s] -- Added test 'uncrustify' to check C / C++ code style
[4.463s] -- Configured uncrustify additional arguments: 
[4.472s] -- Added test 'xmllint' to check XML markup files
[4.518s] -- Configuring done
[4.683s] -- Generating done
[4.729s] -- Build files have been written to: /mnt/hgfs/VMware/ROS2_DEMO/2_Chapter/code/build/cpp_idl_sub
[4.738s] Invoked command in '/mnt/hgfs/VMware/ROS2_DEMO/2_Chapter/code/build/cpp_idl_sub' returned '0': AMENT_PREFIX_PATH=/mnt/hgfs/VMware/ROS2_DEMO/2_Chapter/code/install/student_msg:${AMENT_PREFIX_PATH} CMAKE_PREFIX_PATH=/mnt/hgfs/VMware/ROS2_DEMO/2_Chapter/code/install/student_msg:/opt/ros/humble LD_LIBRARY_PATH=/mnt/hgfs/VMware/ROS2_DEMO/2_Chapter/code/install/student_msg/lib:${LD_LIBRARY_PATH} PYTHONPATH=/mnt/hgfs/VMware/ROS2_DEMO/2_Chapter/code/install/student_msg/local/lib/python3.10/dist-packages:${PYTHONPATH} /usr/bin/cmake /mnt/hgfs/VMware/ROS2_DEMO/2_Chapter/code/cpp_idl_sub -DCMAKE_INSTALL_PREFIX=/mnt/hgfs/VMware/ROS2_DEMO/2_Chapter/code/install/cpp_idl_sub
[4.744s] Invoking command in '/mnt/hgfs/VMware/ROS2_DEMO/2_Chapter/code/build/cpp_idl_sub': AMENT_PREFIX_PATH=/mnt/hgfs/VMware/ROS2_DEMO/2_Chapter/code/install/student_msg:${AMENT_PREFIX_PATH} CMAKE_PREFIX_PATH=/mnt/hgfs/VMware/ROS2_DEMO/2_Chapter/code/install/student_msg:/opt/ros/humble LD_LIBRARY_PATH=/mnt/hgfs/VMware/ROS2_DEMO/2_Chapter/code/install/student_msg/lib:${LD_LIBRARY_PATH} PYTHONPATH=/mnt/hgfs/VMware/ROS2_DEMO/2_Chapter/code/install/student_msg/local/lib/python3.10/dist-packages:${PYTHONPATH} /usr/bin/cmake --build /mnt/hgfs/VMware/ROS2_DEMO/2_Chapter/code/build/cpp_idl_sub -- -j16 -l16
[4.923s] [ 50%] [32mBuilding CXX object CMakeFiles/cppIdlSubNode.dir/src/cppIdlSubNode.cpp.o[0m
[7.513s] [01m[K/mnt/hgfs/VMware/ROS2_DEMO/2_Chapter/code/cpp_idl_sub/src/cppIdlSubNode.cpp:[m[K In constructor â€˜[01m[KCppIdlMsgSub::CppIdlMsgSub(const char*)[m[Kâ€™:
[7.516s] [01m[K/mnt/hgfs/VMware/ROS2_DEMO/2_Chapter/code/cpp_idl_sub/src/cppIdlSubNode.cpp:20:35:[m[K [01;31m[Kerror: [m[Kâ€˜[01m[KCppBaseMsgSub[m[Kâ€™ has not been declared
[7.517s]    20 |       "myStudent", 10, std::bind(&[01;31m[KCppBaseMsgSub[m[K::topic_callback, this, _1));
[7.520s]       |                                   [01;31m[K^~~~~~~~~~~~~[m[K
[7.522s] [01m[K/mnt/hgfs/VMware/ROS2_DEMO/2_Chapter/code/cpp_idl_sub/src/cppIdlSubNode.cpp:20:72:[m[K [01;31m[Kerror: [m[Kâ€˜[01m[K_1[m[Kâ€™ was not declared in this scope; did you mean â€˜[01m[Kstd::placeholders::_1[m[Kâ€™?
[7.524s]    20 |       "myStudent", 10, std::bind(&CppBaseMsgSub::topic_callback, this, [01;31m[K_1[m[K));
[7.526s]       |                                                                        [01;31m[K^~[m[K
[7.529s]       |                                                                        [32m[Kstd::placeholders::_1[m[K
[7.531s] In file included from [01m[K/usr/include/c++/11/pstl/glue_algorithm_defs.h:13[m[K,
[7.533s]                  from [01m[K/usr/include/c++/11/algorithm:74[m[K,
[7.535s]                  from [01m[K/opt/ros/humble/include/rclcpp/rclcpp/executor.hpp:18[m[K,
[7.537s]                  from [01m[K/opt/ros/humble/include/rclcpp/rclcpp/executors/multi_threaded_executor.hpp:25[m[K,
[7.540s]                  from [01m[K/opt/ros/humble/include/rclcpp/rclcpp/executors.hpp:21[m[K,
[7.542s]                  from [01m[K/opt/ros/humble/include/rclcpp/rclcpp/rclcpp.hpp:155[m[K,
[7.544s]                  from [01m[K/mnt/hgfs/VMware/ROS2_DEMO/2_Chapter/code/cpp_idl_sub/src/cppIdlSubNode.cpp:1[m[K:
[7.546s] [01m[K/usr/include/c++/11/functional:225:34:[m[K [01;36m[Knote: [m[Kâ€˜[01m[Kstd::placeholders::_1[m[Kâ€™ declared here
[7.548s]   225 |     extern const _Placeholder<1> [01;36m[K_1[m[K;
[7.550s]       |                                  [01;36m[K^~[m[K
[7.951s] gmake[2]: *** [CMakeFiles/cppIdlSubNode.dir/build.make:76: CMakeFiles/cppIdlSubNode.dir/src/cppIdlSubNode.cpp.o] Error 1
[7.954s] gmake[1]: *** [CMakeFiles/Makefile2:137: CMakeFiles/cppIdlSubNode.dir/all] Error 2
[7.956s] gmake: *** [Makefile:146: all] Error 2
[7.958s] Invoked command in '/mnt/hgfs/VMware/ROS2_DEMO/2_Chapter/code/build/cpp_idl_sub' returned '2': AMENT_PREFIX_PATH=/mnt/hgfs/VMware/ROS2_DEMO/2_Chapter/code/install/student_msg:${AMENT_PREFIX_PATH} CMAKE_PREFIX_PATH=/mnt/hgfs/VMware/ROS2_DEMO/2_Chapter/code/install/student_msg:/opt/ros/humble LD_LIBRARY_PATH=/mnt/hgfs/VMware/ROS2_DEMO/2_Chapter/code/install/student_msg/lib:${LD_LIBRARY_PATH} PYTHONPATH=/mnt/hgfs/VMware/ROS2_DEMO/2_Chapter/code/install/student_msg/local/lib/python3.10/dist-packages:${PYTHONPATH} /usr/bin/cmake --build /mnt/hgfs/VMware/ROS2_DEMO/2_Chapter/code/build/cpp_idl_sub -- -j16 -l16
